[2020-03-31 16:44:09] app.INFO: Protect vendor folder in module contactform [] []
[2020-03-31 16:44:09] app.INFO: Module contactform has no vendor folder [] []
[2020-03-31 16:44:14] app.INFO: Protect vendor folder in module dashactivity [] []
[2020-03-31 16:44:15] app.INFO: Module dashactivity has no vendor folder [] []
[2020-03-31 16:44:17] app.INFO: Protect vendor folder in module dashtrends [] []
[2020-03-31 16:44:17] app.INFO: Module dashtrends has no vendor folder [] []
[2020-03-31 16:44:26] app.INFO: Protect vendor folder in module dashgoals [] []
[2020-03-31 16:44:26] app.INFO: Module dashgoals has no vendor folder [] []
[2020-03-31 16:44:30] app.INFO: Protect vendor folder in module dashproducts [] []
[2020-03-31 16:44:31] app.INFO: Module dashproducts has no vendor folder [] []
[2020-03-31 16:44:33] app.INFO: Protect vendor folder in module graphnvd3 [] []
[2020-03-31 16:44:33] app.INFO: Module graphnvd3 has no vendor folder [] []
[2020-03-31 16:44:34] app.INFO: Protect vendor folder in module gridhtml [] []
[2020-03-31 16:44:34] app.INFO: Module gridhtml has no vendor folder [] []
[2020-03-31 16:44:36] app.INFO: Protect vendor folder in module gsitemap [] []
[2020-03-31 16:44:36] app.INFO: Module gsitemap has no vendor folder [] []
[2020-03-31 16:44:40] app.INFO: Protect vendor folder in module ps_banner [] []
[2020-03-31 16:44:41] app.INFO: Module ps_banner has no vendor folder [] []
[2020-03-31 16:44:44] app.INFO: Protect vendor folder in module ps_categorytree [] []
[2020-03-31 16:44:44] app.INFO: Module ps_categorytree has no vendor folder [] []
[2020-03-31 16:44:48] app.INFO: Protect vendor folder in module ps_checkpayment [] []
[2020-03-31 16:44:48] app.INFO: Module ps_checkpayment has no vendor folder [] []
[2020-03-31 16:44:51] app.INFO: Protect vendor folder in module ps_contactinfo [] []
[2020-03-31 16:44:52] app.INFO: Module ps_contactinfo has no vendor folder [] []
[2020-03-31 16:44:54] app.INFO: Protect vendor folder in module ps_currencyselector [] []
[2020-03-31 16:44:54] app.INFO: Module ps_currencyselector has no vendor folder [] []
[2020-03-31 16:44:56] app.INFO: Protect vendor folder in module ps_customeraccountlinks [] []
[2020-03-31 16:44:56] app.INFO: Module ps_customeraccountlinks has no vendor folder [] []
[2020-03-31 16:44:58] app.INFO: Protect vendor folder in module ps_customersignin [] []
[2020-03-31 16:44:59] app.INFO: Module ps_customersignin has no vendor folder [] []
[2020-03-31 16:45:02] app.INFO: Protect vendor folder in module ps_customtext [] []
[2020-03-31 16:45:02] app.INFO: Module ps_customtext has no vendor folder [] []
[2020-03-31 16:45:11] app.INFO: Protect vendor folder in module ps_emailsubscription [] []
[2020-03-31 16:45:11] app.INFO: Module ps_emailsubscription has no vendor folder [] []
[2020-03-31 16:45:30] app.INFO: Protect vendor folder in module ps_facetedsearch [] []
[2020-03-31 16:45:30] app.INFO: Module ps_facetedsearch has no vendor folder [] []
[2020-03-31 16:45:35] app.INFO: Protect vendor folder in module ps_faviconnotificationbo [] []
[2020-03-31 16:45:36] app.INFO: Module ps_faviconnotificationbo has no vendor folder [] []
[2020-03-31 16:45:41] app.INFO: Protect vendor folder in module ps_featuredproducts [] []
[2020-03-31 16:45:41] app.INFO: Module ps_featuredproducts has no vendor folder [] []
[2020-03-31 16:45:51] app.INFO: Protect vendor folder in module ps_imageslider [] []
[2020-03-31 16:45:51] app.INFO: Module ps_imageslider has no vendor folder [] []
[2020-03-31 16:45:52] app.INFO: Protect vendor folder in module ps_languageselector [] []
[2020-03-31 16:45:53] app.INFO: Module ps_languageselector has no vendor folder [] []
[2020-03-31 16:45:59] app.INFO: Protect vendor folder in module ps_linklist [] []
[2020-03-31 16:45:59] app.INFO: Module ps_linklist has no vendor folder [] []
[2020-03-31 16:45:59] app.ERROR: Class "AdminLinkWidgetController" not found in controllers/admin [] []
[2020-03-31 16:46:08] app.INFO: Protect vendor folder in module ps_mainmenu [] []
[2020-03-31 16:46:09] app.INFO: Module ps_mainmenu has no vendor folder [] []
[2020-03-31 16:46:11] app.INFO: Protect vendor folder in module ps_searchbar [] []
[2020-03-31 16:46:11] app.INFO: Module ps_searchbar has no vendor folder [] []
[2020-03-31 16:46:13] app.INFO: Protect vendor folder in module ps_sharebuttons [] []
[2020-03-31 16:46:13] app.INFO: Module ps_sharebuttons has no vendor folder [] []
[2020-03-31 16:46:17] app.INFO: Protect vendor folder in module ps_shoppingcart [] []
[2020-03-31 16:46:17] app.INFO: Module ps_shoppingcart has no vendor folder [] []
[2020-03-31 16:46:19] app.INFO: Protect vendor folder in module ps_socialfollow [] []
[2020-03-31 16:46:19] app.INFO: Module ps_socialfollow has no vendor folder [] []
[2020-03-31 16:46:25] app.INFO: Protect vendor folder in module ps_themecusto [] []
[2020-03-31 16:46:25] app.INFO: Module ps_themecusto has no vendor folder [] []
[2020-03-31 16:46:32] app.INFO: Protect vendor folder in module ps_wirepayment [] []
[2020-03-31 16:46:32] app.INFO: Module ps_wirepayment has no vendor folder [] []
[2020-03-31 16:46:35] app.INFO: Protect vendor folder in module pagesnotfound [] []
[2020-03-31 16:46:35] app.INFO: Module pagesnotfound has no vendor folder [] []
[2020-03-31 16:46:37] app.INFO: Protect vendor folder in module sekeywords [] []
[2020-03-31 16:46:37] app.INFO: Module sekeywords has no vendor folder [] []
[2020-03-31 16:46:40] app.INFO: Protect vendor folder in module statsbestcategories [] []
[2020-03-31 16:46:40] app.INFO: Module statsbestcategories has no vendor folder [] []
[2020-03-31 16:46:42] app.INFO: Protect vendor folder in module statsbestcustomers [] []
[2020-03-31 16:46:42] app.INFO: Module statsbestcustomers has no vendor folder [] []
[2020-03-31 16:46:44] app.INFO: Protect vendor folder in module statsbestproducts [] []
[2020-03-31 16:46:44] app.INFO: Module statsbestproducts has no vendor folder [] []
[2020-03-31 16:46:45] app.INFO: Protect vendor folder in module statsbestsuppliers [] []
[2020-03-31 16:46:45] app.INFO: Module statsbestsuppliers has no vendor folder [] []
[2020-03-31 16:46:46] app.INFO: Protect vendor folder in module statsbestvouchers [] []
[2020-03-31 16:46:46] app.INFO: Module statsbestvouchers has no vendor folder [] []
[2020-03-31 16:46:48] app.INFO: Protect vendor folder in module statscarrier [] []
[2020-03-31 16:46:48] app.INFO: Module statscarrier has no vendor folder [] []
[2020-03-31 16:46:51] app.INFO: Protect vendor folder in module statscatalog [] []
[2020-03-31 16:46:51] app.INFO: Module statscatalog has no vendor folder [] []
[2020-03-31 16:46:54] app.INFO: Protect vendor folder in module statscheckup [] []
[2020-03-31 16:46:54] app.INFO: Module statscheckup has no vendor folder [] []
[2020-03-31 16:46:58] app.INFO: Protect vendor folder in module statsdata [] []
[2020-03-31 16:46:58] app.INFO: Module statsdata has no vendor folder [] []
[2020-03-31 16:47:00] app.INFO: Protect vendor folder in module statsequipment [] []
[2020-03-31 16:47:00] app.INFO: Module statsequipment has no vendor folder [] []
[2020-03-31 16:47:02] app.INFO: Protect vendor folder in module statsforecast [] []
[2020-03-31 16:47:02] app.INFO: Module statsforecast has no vendor folder [] []
[2020-03-31 16:47:04] app.INFO: Protect vendor folder in module statslive [] []
[2020-03-31 16:47:04] app.INFO: Module statslive has no vendor folder [] []
[2020-03-31 16:47:05] app.INFO: Protect vendor folder in module statsnewsletter [] []
[2020-03-31 16:47:06] app.INFO: Module statsnewsletter has no vendor folder [] []
[2020-03-31 16:47:09] app.INFO: Protect vendor folder in module statsorigin [] []
[2020-03-31 16:47:09] app.INFO: Module statsorigin has no vendor folder [] []
[2020-03-31 16:47:12] app.INFO: Protect vendor folder in module statspersonalinfos [] []
[2020-03-31 16:47:12] app.INFO: Module statspersonalinfos has no vendor folder [] []
[2020-03-31 16:47:15] app.INFO: Protect vendor folder in module statsproduct [] []
[2020-03-31 16:47:15] app.INFO: Module statsproduct has no vendor folder [] []
[2020-03-31 16:47:16] app.INFO: Protect vendor folder in module statsregistrations [] []
[2020-03-31 16:47:16] app.INFO: Module statsregistrations has no vendor folder [] []
[2020-03-31 16:47:18] app.INFO: Protect vendor folder in module statssales [] []
[2020-03-31 16:47:18] app.INFO: Module statssales has no vendor folder [] []
[2020-03-31 16:47:21] app.INFO: Protect vendor folder in module statssearch [] []
[2020-03-31 16:47:21] app.INFO: Module statssearch has no vendor folder [] []
[2020-03-31 16:47:23] app.INFO: Protect vendor folder in module statsstock [] []
[2020-03-31 16:47:23] app.INFO: Module statsstock has no vendor folder [] []
[2020-03-31 16:47:24] app.INFO: Protect vendor folder in module statsvisits [] []
[2020-03-31 16:47:25] app.INFO: Module statsvisits has no vendor folder [] []
[2020-03-31 16:47:29] app.INFO: Protect vendor folder in module welcome [] []
[2020-03-31 16:48:05] app.INFO: Exporting mail with theme modern for language Français (French) [] []
[2020-03-31 16:48:05] app.INFO: Core output folder: C:\wamp\www\prestashop/mails [] []
[2020-03-31 16:48:05] app.INFO: Modules output folder: C:\wamp\www\prestashop/modules/ [] []
[2020-04-02 12:24:01] request.INFO: Matched route "admin_module_manage". {"route":"admin_module_manage","route_parameters":{"category":null,"keyword":null,"_controller":"PrestaShopBundle\\Controller\\Admin\\Improve\\ModuleController::manageAction","_legacy_controller":"AdminModulesManage","_legacy_link":["AdminModulesManage","AdminModulesSf"],"_route":"admin_module_manage"},"request_uri":"http://localhost/prestashop/admin294k2e7hy/index.php/improve/modules/manage?_token=dtwd72nkIPO9JglEoST3C38Po_r_aUt4P8PylnQ2cCk","method":"GET"} []
[2020-04-02 12:24:01] security.DEBUG: Read existing security token from the session. {"key":"_security_main","token_class":"Symfony\\Component\\Security\\Core\\Authentication\\Token\\UsernamePasswordToken"} []
[2020-04-02 12:24:01] security.DEBUG: User was reloaded from a user provider. {"provider":"PrestaShopBundle\\Security\\Admin\\EmployeeProvider","username":"aripeau@cbcarefrance.com"} []
[2020-04-02 12:24:03] app.ERROR: The addon with id 26233 does not have name. [] []
[2020-04-02 12:24:11] security.DEBUG: Stored the security token in the session. {"key":"_security_main"} []
